#
# A fatal error has been detected by the Java Runtime Environment:
#
#  EXCEPTION_ACCESS_VIOLATION (0xc0000005) at pc=0x00007ffb035d8fee, pid=11828, tid=9448
#
# JRE version: OpenJDK Runtime Environment (16.0.2+7) (build 16.0.2+7-67)
# Java VM: OpenJDK 64-Bit Server VM (16.0.2+7-67, mixed mode, tiered, compressed oops, compressed class ptrs, g1 gc, windows-amd64)
# Problematic frame:
# V  [jvm.dll+0x658fee]
#
# No core dump will be written. Minidumps are not enabled by default on client versions of Windows
#
# If you would like to submit a bug report, please visit:
#   https://bugreport.java.com/bugreport/crash.jsp
#

---------------  S U M M A R Y ------------

Command Line: -Dmaven.home=EMBEDDED -Dclassworlds.conf=D:\AADD\.metadata\.plugins\org.eclipse.m2e.launching\launches\m2conf9745377236383594101.tmp -Dmaven.multiModuleProjectDirectory=D:\AADD\citybike\estaciones-RamosSanchez -Dm2e.build.project.data.socket.port=54946 -Xdebug -Xnoagent -Djava.compiler=NONE -Xrunjdwp:transport=dt_socket,address=8000,server=y,suspend=n -Dfile.encoding=windows-1252 -Dstdout.encoding=windows-1252 -Dstderr.encoding=windows-1252 -XX:+ShowCodeDetailsInExceptionMessages org.codehaus.plexus.classworlds.launcher.Launcher -B -Dstyle.color=always jetty:run

Host: AMD Ryzen 5 2600 Six-Core Processor            , 12 cores, 7G,  Windows 10 , 64 bit Build 19041 (10.0.19041.3636)
Time: Tue Dec  5 22:23:08 2023 Hora estándar romance elapsed time: 821.707379 seconds (0d 0h 13m 41s)

---------------  T H R E A D  ---------------

Current thread (0x00000160f61a5180):  JavaThread "JDWP Transport Listener: dt_socket" daemon [_thread_in_vm, id=9448, stack(0x00000026ea500000,0x00000026ea600000)]

Stack: [0x00000026ea500000,0x00000026ea600000],  sp=0x00000026ea5ff420,  free space=1021k
Native frames: (J=compiled Java code, j=interpreted, Vv=VM code, C=native code)
V  [jvm.dll+0x658fee]
V  [jvm.dll+0x658f96]
V  [jvm.dll+0x404094]
V  [jvm.dll+0x3e3c6b]
C  [jdwp.dll+0xc7c4]


siginfo: EXCEPTION_ACCESS_VIOLATION (0xc0000005), writing address 0x0000000000000238


Register to memory mapping:

RIP=0x00007ffb035d8fee jvm.dll
RAX=0x0000000000000001 is an unknown value
RBX=0x0 is NULL
RCX=0x0 is NULL
RDX=0x0000000000000008 is an unknown value
RSP=0x00000026ea5ff420 is pointing into the stack for thread: 0x00000160f61a5180
RBP=0x0000000000000008 is an unknown value
RSI=0x0 is NULL
RDI=0x00000160f554efd0 points into unknown readable memory: 0x00000160f5557a80 | 80 7a 55 f5 60 01 00 00
R8 =